Android-Apps/LocalSystems/Windows/App-projects/app/build/intermediates/manifest_merge_blame_file/debug/manifest-merger-blame-debug-report.txt
1<?xml version="1.0" encoding="utf-8"?>
2<manifest xmlns:android="http://schemas.android.com/apk/res/android"
3    package="com.example.learningandroid"
4    android:versionCode="1"
5    android:versionName="1.0" >
6
7    <uses-sdk
8        android:minSdkVersion="16"
8-->src\main\AndroidManifest.xml
9        android:targetSdkVersion="30" />
9-->src\main\AndroidManifest.xml
10
11    <uses-permission android:name="android.permission.SEND_SMS" />
11-->src\main\AndroidManifest.xml:5:5-67
11-->src\main\AndroidManifest.xml:5:22-64
12
13    <application
13-->src\main\AndroidManifest.xml:8:5-34:19
14        android:allowBackup="true"
14-->src\main\AndroidManifest.xml:9:9-35
15        android:appComponentFactory="androidx.core.app.CoreComponentFactory"
15-->[androidx.core:core:1.3.1] AndroidManifest.xml:24:18-86
16        android:debuggable="true"
17        android:icon="@mipmap/ic_launcher"
17-->src\main\AndroidManifest.xml:10:9-43
18        android:label="@string/app_name"
18-->src\main\AndroidManifest.xml:11:9-41
19        android:roundIcon="@mipmap/ic_launcher_round"
19-->src\main\AndroidManifest.xml:12:9-54
20        android:supportsRtl="true"
20-->src\main\AndroidManifest.xml:13:9-35
21        android:testOnly="true"
22        android:theme="@style/Theme.MyApplication" >
22-->src\main\AndroidManifest.xml:14:9-51
23        <activity android:name="com.example.learningandroid.SmsActivity" />
23-->src\main\AndroidManifest.xml:15:9-58
23-->src\main\AndroidManifest.xml:15:19-46
24        <activity android:name="com.example.learningandroid.LoginFormActivity" />
24-->src\main\AndroidManifest.xml:16:9-55
24-->src\main\AndroidManifest.xml:16:19-52
25        <activity android:name="com.example.learningandroid.MyBioLinearLayout" />
25-->src\main\AndroidManifest.xml:17:9-55
25-->src\main\AndroidManifest.xml:17:19-52
26        <activity android:name="com.example.learningandroid.MyBioRelativeLayout" />
26-->src\main\AndroidManifest.xml:18:9-57
26-->src\main\AndroidManifest.xml:18:19-54
27        <activity android:name="com.example.learningandroid.MainActivity" >
27-->src\main\AndroidManifest.xml:19:9-26:20
27-->src\main\AndroidManifest.xml:19:19-47
28            <intent-filter>
28-->src\main\AndroidManifest.xml:20:13-25:29
29                <action android:name="android.intent.action.MAIN" />
29-->src\main\AndroidManifest.xml:21:17-69
29-->src\main\AndroidManifest.xml:21:25-66
30                <action android:name="android.intent.action.VIEW" />
30-->src\main\AndroidManifest.xml:22:17-69
30-->src\main\AndroidManifest.xml:22:25-66
31
32                <category android:name="android.intent.category.DEFAULT" />
32-->src\main\AndroidManifest.xml:24:17-76
32-->src\main\AndroidManifest.xml:24:27-73
33            </intent-filter>
34        </activity>
35        <activity android:name="com.example.learningandroid.ListViewActivity" >
35-->src\main\AndroidManifest.xml:27:9-33:20
35-->src\main\AndroidManifest.xml:27:19-51
36            <intent-filter>
36-->src\main\AndroidManifest.xml:28:13-32:29
37                <action android:name="android.intent.action.MAIN" />
37-->src\main\AndroidManifest.xml:21:17-69
37-->src\main\AndroidManifest.xml:21:25-66
38
39                <category android:name="android.intent.category.LAUNCHER" />
39-->src\main\AndroidManifest.xml:31:17-77
39-->src\main\AndroidManifest.xml:31:27-74
40            </intent-filter>
41        </activity>
42    </application>
43
44</manifest>